[FH_sys]  2025-06-04 11:37:14  INFO KuchuenController:98 : sql语句:AND (id NOT IN (#{ew.paramNameValuePairs.MPGENVAL1}) AND name = #{ew.paramNameValuePairs.MPGENVAL2} AND number = #{ew.paramNameValuePairs.MPGENVAL3})
[FH_sys]  2025-06-04 12:02:21  INFO CanzhuoController:79 : sql语句:AND (name = #{ew.paramNameValuePairs.MPGENVAL1} AND tableLocation = #{ew.paramNameValuePairs.MPGENVAL2})
[FH_sys]  2025-06-04 12:05:08  INFO KuchuenController:98 : sql语句:AND (id NOT IN (#{ew.paramNameValuePairs.MPGENVAL1}) AND name = #{ew.paramNameValuePairs.MPGENVAL2} AND number = #{ew.paramNameValuePairs.MPGENVAL3})
[FH_sys]  2025-06-04 12:05:08  INFO CaipinController:120 : sql语句:AND (id NOT IN (#{ew.paramNameValuePairs.MPGENVAL1}) AND hx_types = #{ew.paramNameValuePairs.MPGENVAL2} AND money = #{ew.paramNameValuePairs.MPGENVAL3} AND caipin_content = #{ew.paramNameValuePairs.MPGENVAL4})
[FH_sys]  2025-06-04 12:05:08  INFO YonghuController:188 : sql语句:AND (id NOT IN (#{ew.paramNameValuePairs.MPGENVAL1}) AND name = #{ew.paramNameValuePairs.MPGENVAL2} AND username = #{ew.paramNameValuePairs.MPGENVAL3} AND password = #{ew.paramNameValuePairs.MPGENVAL4} AND sex_types = #{ew.paramNameValuePairs.MPGENVAL5} AND phone = #{ew.paramNameValuePairs.MPGENVAL6} AND role = #{ew.paramNameValuePairs.MPGENVAL7})
[FH_sys]  2025-06-04 18:14:08  INFO XmlWebApplicationContext:989 : Closing WebApplicationContext for namespace 'SpringMVC-servlet': startup date [Tue Jun 03 11:38:11 CST 2025]; parent: Root WebApplicationContext
[FH_sys]  2025-06-04 18:14:08  INFO XmlWebApplicationContext:989 : Closing Root WebApplicationContext: startup date [Tue Jun 03 11:38:06 CST 2025]; root of context hierarchy
[FH_sys]  2025-06-04 18:14:08  INFO DruidDataSource:1608 : {dataSource-1} closed
[FH_sys]  2025-06-04 18:15:29  INFO ContextLoader:270 : Root WebApplicationContext: initialization started
[FH_sys]  2025-06-04 18:15:29  INFO XmlWebApplicationContext:589 : Refreshing Root WebApplicationContext: startup date [Wed Jun 04 18:15:29 CST 2025]; root of context hierarchy
[FH_sys]  2025-06-04 18:15:29  INFO XmlBeanDefinitionReader:316 : Loading XML bean definitions from class path resource [spring/spring.xml]
[FH_sys]  2025-06-04 18:15:29  INFO XmlBeanDefinitionReader:316 : Loading XML bean definitions from class path resource [spring/spring-mybatis.xml]
[FH_sys]  2025-06-04 18:15:30 ERROR DruidAbstractDataSource:994 : maxIdle is deprecated
[FH_sys]  2025-06-04 18:15:30  INFO DruidDataSource:847 : {dataSource-1} inited
[FH_sys]  2025-06-04 18:15:33  INFO ContextLoader:310 : Root WebApplicationContext: initialization completed in 3881 ms
[FH_sys]  2025-06-04 18:15:33  INFO DispatcherServlet:494 : FrameworkServlet 'SpringMVC': initialization started
[FH_sys]  2025-06-04 18:15:33  INFO XmlWebApplicationContext:589 : Refreshing WebApplicationContext for namespace 'SpringMVC-servlet': startup date [Wed Jun 04 18:15:33 CST 2025]; parent: Root WebApplicationContext
[FH_sys]  2025-06-04 18:15:33  INFO XmlBeanDefinitionReader:316 : Loading XML bean definitions from class path resource [spring/spring-mvc.xml]
[FH_sys]  2025-06-04 18:15:34  INFO SimpleUrlHandlerMapping:371 : Mapped URL path [/**] onto handler 'org.springframework.web.servlet.resource.DefaultServletHttpRequestHandler#0'
[FH_sys]  2025-06-04 18:15:34  INFO RequestMappingHandlerMapping:549 : Mapped "{[/address/add]}" onto public com.utils.R com.controller.AddressController.add(com.entity.AddressEntity,javax.servlet.http.HttpServletRequest)
[FH_sys]  2025-06-04 18:15:34  INFO RequestMappingHandlerMapping:549 : Mapped "{[/address/update]}" onto public com.utils.R com.controller.AddressController.update(com.entity.AddressEntity,javax.servlet.http.HttpServletRequest)
[FH_sys]  2025-06-04 18:15:34  INFO RequestMappingHandlerMapping:549 : Mapped "{[/address/delete]}" onto public com.utils.R com.controller.AddressController.delete(java.lang.Long[])
[FH_sys]  2025-06-04 18:15:34  INFO RequestMappingHandlerMapping:549 : Mapped "{[/address/lists]}" onto public com.utils.R com.controller.AddressController.list(com.entity.AddressEntity)
[FH_sys]  2025-06-04 18:15:34  INFO RequestMappingHandlerMapping:549 : Mapped "{[/address/list]}" onto public com.utils.R com.controller.AddressController.list(java.util.Map<java.lang.String, java.lang.Object>,com.entity.AddressEntity,javax.servlet.http.HttpServletRequest)
[FH_sys]  2025-06-04 18:15:34  INFO RequestMappingHandlerMapping:549 : Mapped "{[/address/save]}" onto public com.utils.R com.controller.AddressController.save(com.entity.AddressEntity,javax.servlet.http.HttpServletRequest)
[FH_sys]  2025-06-04 18:15:34  INFO RequestMappingHandlerMapping:549 : Mapped "{[/address/query]}" onto public com.utils.R com.controller.AddressController.query(com.entity.AddressEntity)
[FH_sys]  2025-06-04 18:15:34  INFO RequestMappingHandlerMapping:549 : Mapped "{[/address/info/{id}]}" onto public com.utils.R com.controller.AddressController.info(java.lang.Long)
[FH_sys]  2025-06-04 18:15:34  INFO RequestMappingHandlerMapping:549 : Mapped "{[/address/page]}" onto public com.utils.R com.controller.AddressController.page(java.util.Map<java.lang.String, java.lang.Object>,com.entity.AddressEntity,javax.servlet.http.HttpServletRequest)
[FH_sys]  2025-06-04 18:15:34  INFO RequestMappingHandlerMapping:549 : Mapped "{[/address/remind/{columnName}/{type}]}" onto public com.utils.R com.controller.AddressController.remindCount(java.lang.String,javax.servlet.http.HttpServletRequest,java.lang.String,java.util.Map<java.lang.String, java.lang.Object>)
[FH_sys]  2025-06-04 18:15:34  INFO RequestMappingHandlerMapping:549 : Mapped "{[/address/default]}" onto public com.utils.R com.controller.AddressController.defaultAddress(javax.servlet.http.HttpServletRequest)
[FH_sys]  2025-06-04 18:15:34  INFO RequestMappingHandlerMapping:549 : Mapped "{[/address/detail/{id}]}" onto public com.utils.R com.controller.AddressController.detail(java.lang.Long)
[FH_sys]  2025-06-04 18:15:34  INFO RequestMappingHandlerMapping:549 : Mapped "{[/caipin/update]}" onto public com.utils.R com.controller.CaipinController.update(com.entity.CaipinEntity,javax.servlet.http.HttpServletRequest)
[FH_sys]  2025-06-04 18:15:34  INFO RequestMappingHandlerMapping:549 : Mapped "{[/caipin/delete]}" onto public com.utils.R com.controller.CaipinController.delete(java.lang.Long[])
[FH_sys]  2025-06-04 18:15:34  INFO RequestMappingHandlerMapping:549 : Mapped "{[/caipin/save]}" onto public com.utils.R com.controller.CaipinController.save(com.entity.CaipinEntity,javax.servlet.http.HttpServletRequest)
[FH_sys]  2025-06-04 18:15:34  INFO RequestMappingHandlerMapping:549 : Mapped "{[/caipin/info/{id}]}" onto public com.utils.R com.controller.CaipinController.info(java.lang.Long)
[FH_sys]  2025-06-04 18:15:34  INFO RequestMappingHandlerMapping:549 : Mapped "{[/caipin/page]}" onto public com.utils.R com.controller.CaipinController.page(java.util.Map<java.lang.String, java.lang.Object>)
[FH_sys]  2025-06-04 18:15:34  INFO RequestMappingHandlerMapping:549 : Mapped "{[/caipin/diancai]}" onto public com.utils.R com.controller.CaipinController.diancai(java.util.Map<java.lang.String, java.lang.Object>,javax.servlet.http.HttpServletRequest)
[FH_sys]  2025-06-04 18:15:34  INFO RequestMappingHandlerMapping:549 : Mapped "{[/canzhuo/update]}" onto public com.utils.R com.controller.CanzhuoController.update(com.entity.CanzhuoEntity,javax.servlet.http.HttpServletRequest)
[FH_sys]  2025-06-04 18:15:34  INFO RequestMappingHandlerMapping:549 : Mapped "{[/canzhuo/delete]}" onto public com.utils.R com.controller.CanzhuoController.delete(java.lang.Long[])
[FH_sys]  2025-06-04 18:15:34  INFO RequestMappingHandlerMapping:549 : Mapped "{[/canzhuo/save]}" onto public com.utils.R com.controller.CanzhuoController.save(com.entity.CanzhuoEntity,javax.servlet.http.HttpServletRequest)
[FH_sys]  2025-06-04 18:15:34  INFO RequestMappingHandlerMapping:549 : Mapped "{[/canzhuo/info/{id}]}" onto public com.utils.R com.controller.CanzhuoController.info(java.lang.Long)
[FH_sys]  2025-06-04 18:15:34  INFO RequestMappingHandlerMapping:549 : Mapped "{[/canzhuo/page]}" onto public com.utils.R com.controller.CanzhuoController.page(java.util.Map<java.lang.String, java.lang.Object>)
[FH_sys]  2025-06-04 18:15:34  INFO RequestMappingHandlerMapping:549 : Mapped "{[/canzhuo/subscribe]}" onto public com.utils.R com.controller.CanzhuoController.subscribe(java.lang.Integer,javax.servlet.http.HttpServletRequest)
[FH_sys]  2025-06-04 18:15:34  INFO RequestMappingHandlerMapping:549 : Mapped "{[/cart/add]}" onto public com.utils.R com.controller.CartController.add(com.entity.CartEntity,javax.servlet.http.HttpServletRequest)
[FH_sys]  2025-06-04 18:15:34  INFO RequestMappingHandlerMapping:549 : Mapped "{[/cart/update]}" onto public com.utils.R com.controller.CartController.update(com.entity.CartEntity,javax.servlet.http.HttpServletRequest)
[FH_sys]  2025-06-04 18:15:34  INFO RequestMappingHandlerMapping:549 : Mapped "{[/cart/delete]}" onto public com.utils.R com.controller.CartController.delete(java.lang.Long[])
[FH_sys]  2025-06-04 18:15:34  INFO RequestMappingHandlerMapping:549 : Mapped "{[/cart/lists]}" onto public com.utils.R com.controller.CartController.list(com.entity.CartEntity)
[FH_sys]  2025-06-04 18:15:34  INFO RequestMappingHandlerMapping:549 : Mapped "{[/cart/list]}" onto public com.utils.R com.controller.CartController.list(java.util.Map<java.lang.String, java.lang.Object>,com.entity.CartEntity,javax.servlet.http.HttpServletRequest)
[FH_sys]  2025-06-04 18:15:34  INFO RequestMappingHandlerMapping:549 : Mapped "{[/cart/save]}" onto public com.utils.R com.controller.CartController.save(com.entity.CartEntity,javax.servlet.http.HttpServletRequest)
[FH_sys]  2025-06-04 18:15:34  INFO RequestMappingHandlerMapping:549 : Mapped "{[/cart/query]}" onto public com.utils.R com.controller.CartController.query(com.entity.CartEntity)
[FH_sys]  2025-06-04 18:15:34  INFO RequestMappingHandlerMapping:549 : Mapped "{[/cart/info/{id}]}" onto public com.utils.R com.controller.CartController.info(java.lang.Long)
[FH_sys]  2025-06-04 18:15:34  INFO RequestMappingHandlerMapping:549 : Mapped "{[/cart/page]}" onto public com.utils.R com.controller.CartController.page(java.util.Map<java.lang.String, java.lang.Object>,com.entity.CartEntity,javax.servlet.http.HttpServletRequest)
[FH_sys]  2025-06-04 18:15:34  INFO RequestMappingHandlerMapping:549 : Mapped "{[/cart/remind/{columnName}/{type}]}" onto public com.utils.R com.controller.CartController.remindCount(java.lang.String,javax.servlet.http.HttpServletRequest,java.lang.String,java.util.Map<java.lang.String, java.lang.Object>)
[FH_sys]  2025-06-04 18:15:34  INFO RequestMappingHandlerMapping:549 : Mapped "{[/cart/detail/{id}]}" onto public com.utils.R com.controller.CartController.detail(java.lang.Long)
[FH_sys]  2025-06-04 18:15:34  INFO RequestMappingHandlerMapping:549 : Mapped "{[/chat/add]}" onto public com.utils.R com.controller.ChatController.add(com.entity.ChatEntity,javax.servlet.http.HttpServletRequest)
[FH_sys]  2025-06-04 18:15:34  INFO RequestMappingHandlerMapping:549 : Mapped "{[/chat/update]}" onto public com.utils.R com.controller.ChatController.update(com.entity.ChatEntity,javax.servlet.http.HttpServletRequest)
[FH_sys]  2025-06-04 18:15:34  INFO RequestMappingHandlerMapping:549 : Mapped "{[/chat/delete]}" onto public com.utils.R com.controller.ChatController.delete(java.lang.Long[])
[FH_sys]  2025-06-04 18:15:34  INFO RequestMappingHandlerMapping:549 : Mapped "{[/chat/lists]}" onto public com.utils.R com.controller.ChatController.list(com.entity.ChatEntity)
[FH_sys]  2025-06-04 18:15:34  INFO RequestMappingHandlerMapping:549 : Mapped "{[/chat/list]}" onto public com.utils.R com.controller.ChatController.list(java.util.Map<java.lang.String, java.lang.Object>,com.entity.ChatEntity,javax.servlet.http.HttpServletRequest)
[FH_sys]  2025-06-04 18:15:34  INFO RequestMappingHandlerMapping:549 : Mapped "{[/chat/save]}" onto public com.utils.R com.controller.ChatController.save(com.entity.ChatEntity,javax.servlet.http.HttpServletRequest)
[FH_sys]  2025-06-04 18:15:34  INFO RequestMappingHandlerMapping:549 : Mapped "{[/chat/query]}" onto public com.utils.R com.controller.ChatController.query(com.entity.ChatEntity)
[FH_sys]  2025-06-04 18:15:34  INFO RequestMappingHandlerMapping:549 : Mapped "{[/chat/info/{id}]}" onto public com.utils.R com.controller.ChatController.info(java.lang.Long)
[FH_sys]  2025-06-04 18:15:34  INFO RequestMappingHandlerMapping:549 : Mapped "{[/chat/conversations]}" onto public com.utils.R com.controller.ChatController.conversations(javax.servlet.http.HttpServletRequest)
[FH_sys]  2025-06-04 18:15:34  INFO RequestMappingHandlerMapping:549 : Mapped "{[/chat/page]}" onto public com.utils.R com.controller.ChatController.page(java.util.Map<java.lang.String, java.lang.Object>,com.entity.ChatEntity,javax.servlet.http.HttpServletRequest)
[FH_sys]  2025-06-04 18:15:34  INFO RequestMappingHandlerMapping:549 : Mapped "{[/chat/remind/{columnName}/{type}]}" onto public com.utils.R com.controller.ChatController.remindCount(java.lang.String,javax.servlet.http.HttpServletRequest,java.lang.String,java.util.Map<java.lang.String, java.lang.Object>)
[FH_sys]  2025-06-04 18:15:34  INFO RequestMappingHandlerMapping:549 : Mapped "{[/chat/detail/{id}]}" onto public com.utils.R com.controller.ChatController.detail(java.lang.Long)
[FH_sys]  2025-06-04 18:15:34  INFO RequestMappingHandlerMapping:549 : Mapped "{[/group/{tableName}/{columnName}]}" onto public com.utils.R com.controller.CommonController.group(java.lang.String,java.lang.String)
[FH_sys]  2025-06-04 18:15:34  INFO RequestMappingHandlerMapping:549 : Mapped "{[/value/{tableName}/{xColumnName}/{yColumnName}]}" onto public com.utils.R com.controller.CommonController.value(java.lang.String,java.lang.String,java.lang.String)
[FH_sys]  2025-06-04 18:15:34  INFO RequestMappingHandlerMapping:549 : Mapped "{[/location]}" onto public com.utils.R com.controller.CommonController.location(java.lang.String,java.lang.String)
[FH_sys]  2025-06-04 18:15:34  INFO RequestMappingHandlerMapping:549 : Mapped "{[/option/{tableName}/{columnName}]}" onto public com.utils.R com.controller.CommonController.getOption(java.lang.String,java.lang.String,java.lang.String,java.lang.String)
[FH_sys]  2025-06-04 18:15:34  INFO RequestMappingHandlerMapping:549 : Mapped "{[/follow/{tableName}/{columnName}]}" onto public com.utils.R com.controller.CommonController.getFollowByOption(java.lang.String,java.lang.String,java.lang.String)
[FH_sys]  2025-06-04 18:15:34  INFO RequestMappingHandlerMapping:549 : Mapped "{[/matchFace]}" onto public com.utils.R com.controller.CommonController.matchFace(java.lang.String,java.lang.String,javax.servlet.http.HttpServletRequest)
[FH_sys]  2025-06-04 18:15:34  INFO RequestMappingHandlerMapping:549 : Mapped "{[/sh/{tableName}]}" onto public com.utils.R com.controller.CommonController.sh(java.lang.String,java.util.Map<java.lang.String, java.lang.Object>)
[FH_sys]  2025-06-04 18:15:34  INFO RequestMappingHandlerMapping:549 : Mapped "{[/remind/{tableName}/{columnName}/{type}]}" onto public com.utils.R com.controller.CommonController.remindCount(java.lang.String,java.lang.String,java.lang.String,java.util.Map<java.lang.String, java.lang.Object>)
[FH_sys]  2025-06-04 18:15:34  INFO RequestMappingHandlerMapping:549 : Mapped "{[/cal/{tableName}/{columnName}]}" onto public com.utils.R com.controller.CommonController.cal(java.lang.String,java.lang.String)
[FH_sys]  2025-06-04 18:15:34  INFO RequestMappingHandlerMapping:549 : Mapped "{[/config/update]}" onto public com.utils.R com.controller.ConfigController.update(com.entity.ConfigEntity)
[FH_sys]  2025-06-04 18:15:34  INFO RequestMappingHandlerMapping:549 : Mapped "{[/config/delete]}" onto public com.utils.R com.controller.ConfigController.delete(java.lang.Long[])
[FH_sys]  2025-06-04 18:15:34  INFO RequestMappingHandlerMapping:549 : Mapped "{[/config/list]}" onto public com.utils.R com.controller.ConfigController.list(java.util.Map<java.lang.String, java.lang.Object>,com.entity.ConfigEntity)
[FH_sys]  2025-06-04 18:15:34  INFO RequestMappingHandlerMapping:549 : Mapped "{[/config/save],methods=[POST]}" onto public com.utils.R com.controller.ConfigController.save(com.entity.ConfigEntity)
[FH_sys]  2025-06-04 18:15:34  INFO RequestMappingHandlerMapping:549 : Mapped "{[/config/info/{id}]}" onto public com.utils.R com.controller.ConfigController.info(java.lang.String)
[FH_sys]  2025-06-04 18:15:34  INFO RequestMappingHandlerMapping:549 : Mapped "{[/config/info]}" onto public com.utils.R com.controller.ConfigController.infoByName(java.lang.String)
[FH_sys]  2025-06-04 18:15:34  INFO RequestMappingHandlerMapping:549 : Mapped "{[/config/page]}" onto public com.utils.R com.controller.ConfigController.page(java.util.Map<java.lang.String, java.lang.Object>,com.entity.ConfigEntity)
[FH_sys]  2025-06-04 18:15:34  INFO RequestMappingHandlerMapping:549 : Mapped "{[/config/detail/{id}]}" onto public com.utils.R com.controller.ConfigController.detail(java.lang.String)
[FH_sys]  2025-06-04 18:15:34  INFO RequestMappingHandlerMapping:549 : Mapped "{[/dictionary/update]}" onto public com.utils.R com.controller.DictionaryController.update(com.entity.DictionaryEntity,javax.servlet.http.HttpServletRequest)
[FH_sys]  2025-06-04 18:15:34  INFO RequestMappingHandlerMapping:549 : Mapped "{[/dictionary/delete]}" onto public com.utils.R com.controller.DictionaryController.delete(java.lang.Long[])
[FH_sys]  2025-06-04 18:15:34  INFO RequestMappingHandlerMapping:549 : Mapped "{[/dictionary/save]}" onto public com.utils.R com.controller.DictionaryController.save(com.entity.DictionaryEntity,javax.servlet.http.HttpServletRequest)
[FH_sys]  2025-06-04 18:15:34  INFO RequestMappingHandlerMapping:549 : Mapped "{[/dictionary/info/{id}]}" onto public com.utils.R com.controller.DictionaryController.info(java.lang.Long)
[FH_sys]  2025-06-04 18:15:34  INFO RequestMappingHandlerMapping:549 : Mapped "{[/dictionary/page]}" onto public com.utils.R com.controller.DictionaryController.page(java.util.Map<java.lang.String, java.lang.Object>)
[FH_sys]  2025-06-04 18:15:34  INFO RequestMappingHandlerMapping:549 : Mapped "{[/dingdanxiangqing/update]}" onto public com.utils.R com.controller.DingdanxiangqingController.update(com.entity.DingdanxiangqingEntity,javax.servlet.http.HttpServletRequest)
[FH_sys]  2025-06-04 18:15:34  INFO RequestMappingHandlerMapping:549 : Mapped "{[/dingdanxiangqing/delete]}" onto public com.utils.R com.controller.DingdanxiangqingController.delete(java.lang.Long[])
[FH_sys]  2025-06-04 18:15:34  INFO RequestMappingHandlerMapping:549 : Mapped "{[/dingdanxiangqing/save]}" onto public com.utils.R com.controller.DingdanxiangqingController.save(com.entity.DingdanxiangqingEntity,javax.servlet.http.HttpServletRequest)
[FH_sys]  2025-06-04 18:15:34  INFO RequestMappingHandlerMapping:549 : Mapped "{[/dingdanxiangqing/info/{id}]}" onto public com.utils.R com.controller.DingdanxiangqingController.info(java.lang.Long)
[FH_sys]  2025-06-04 18:15:34  INFO RequestMappingHandlerMapping:549 : Mapped "{[/dingdanxiangqing/page]}" onto public com.utils.R com.controller.DingdanxiangqingController.page(java.util.Map<java.lang.String, java.lang.Object>)
[FH_sys]  2025-06-04 18:15:34  INFO RequestMappingHandlerMapping:549 : Mapped "{[/file/upload]}" onto public com.utils.R com.controller.FileController.upload(org.springframework.web.multipart.MultipartFile,java.lang.String,javax.servlet.http.HttpServletRequest) throws java.lang.Exception
[FH_sys]  2025-06-04 18:15:34  INFO RequestMappingHandlerMapping:549 : Mapped "{[/file/download]}" onto public void com.controller.FileController.download(java.lang.String,javax.servlet.http.HttpServletRequest,javax.servlet.http.HttpServletResponse)
[FH_sys]  2025-06-04 18:15:34  INFO RequestMappingHandlerMapping:549 : Mapped "{[/jiankang/update]}" onto public com.utils.R com.controller.JiankangController.update(com.entity.JiankangEntity,javax.servlet.http.HttpServletRequest)
[FH_sys]  2025-06-04 18:15:34  INFO RequestMappingHandlerMapping:549 : Mapped "{[/jiankang/delete]}" onto public com.utils.R com.controller.JiankangController.delete(java.lang.Long[])
[FH_sys]  2025-06-04 18:15:34  INFO RequestMappingHandlerMapping:549 : Mapped "{[/jiankang/save]}" onto public com.utils.R com.controller.JiankangController.save(com.entity.JiankangEntity,javax.servlet.http.HttpServletRequest)
[FH_sys]  2025-06-04 18:15:34  INFO RequestMappingHandlerMapping:549 : Mapped "{[/jiankang/info/{id}]}" onto public com.utils.R com.controller.JiankangController.info(java.lang.Long)
[FH_sys]  2025-06-04 18:15:34  INFO RequestMappingHandlerMapping:549 : Mapped "{[/jiankang/page]}" onto public com.utils.R com.controller.JiankangController.page(java.util.Map<java.lang.String, java.lang.Object>)
[FH_sys]  2025-06-04 18:15:34  INFO RequestMappingHandlerMapping:549 : Mapped "{[/kuchuen/update]}" onto public com.utils.R com.controller.KuchuenController.update(com.entity.KuchuenEntity,javax.servlet.http.HttpServletRequest)
[FH_sys]  2025-06-04 18:15:34  INFO RequestMappingHandlerMapping:549 : Mapped "{[/kuchuen/delete]}" onto public com.utils.R com.controller.KuchuenController.delete(java.lang.Long[])
[FH_sys]  2025-06-04 18:15:34  INFO RequestMappingHandlerMapping:549 : Mapped "{[/kuchuen/save]}" onto public com.utils.R com.controller.KuchuenController.save(com.entity.KuchuenEntity,javax.servlet.http.HttpServletRequest)
[FH_sys]  2025-06-04 18:15:34  INFO RequestMappingHandlerMapping:549 : Mapped "{[/kuchuen/info/{id}]}" onto public com.utils.R com.controller.KuchuenController.info(java.lang.Long)
[FH_sys]  2025-06-04 18:15:34  INFO RequestMappingHandlerMapping:549 : Mapped "{[/kuchuen/page]}" onto public com.utils.R com.controller.KuchuenController.page(java.util.Map<java.lang.String, java.lang.Object>)
[FH_sys]  2025-06-04 18:15:34  INFO RequestMappingHandlerMapping:549 : Mapped "{[/liushui/update]}" onto public com.utils.R com.controller.LiushuiController.update(com.entity.LiushuiEntity,javax.servlet.http.HttpServletRequest)
[FH_sys]  2025-06-04 18:15:34  INFO RequestMappingHandlerMapping:549 : Mapped "{[/liushui/delete]}" onto public com.utils.R com.controller.LiushuiController.delete(java.lang.Long[])
[FH_sys]  2025-06-04 18:15:34  INFO RequestMappingHandlerMapping:549 : Mapped "{[/liushui/save]}" onto public com.utils.R com.controller.LiushuiController.save(com.entity.LiushuiEntity,javax.servlet.http.HttpServletRequest)
[FH_sys]  2025-06-04 18:15:34  INFO RequestMappingHandlerMapping:549 : Mapped "{[/liushui/info/{id}]}" onto public com.utils.R com.controller.LiushuiController.info(java.lang.Long)
[FH_sys]  2025-06-04 18:15:34  INFO RequestMappingHandlerMapping:549 : Mapped "{[/liushui/gaiwei]}" onto public com.utils.R com.controller.LiushuiController.gaiwei(java.lang.Integer)
[FH_sys]  2025-06-04 18:15:34  INFO RequestMappingHandlerMapping:549 : Mapped "{[/liushui/page]}" onto public com.utils.R com.controller.LiushuiController.page(java.util.Map<java.lang.String, java.lang.Object>,javax.servlet.http.HttpServletRequest)
[FH_sys]  2025-06-04 18:15:34  INFO RequestMappingHandlerMapping:549 : Mapped "{[/news/add]}" onto public com.utils.R com.controller.NewsController.add(com.entity.NewsEntity,javax.servlet.http.HttpServletRequest)
[FH_sys]  2025-06-04 18:15:34  INFO RequestMappingHandlerMapping:549 : Mapped "{[/news/update]}" onto public com.utils.R com.controller.NewsController.update(com.entity.NewsEntity,javax.servlet.http.HttpServletRequest)
[FH_sys]  2025-06-04 18:15:34  INFO RequestMappingHandlerMapping:549 : Mapped "{[/news/delete]}" onto public com.utils.R com.controller.NewsController.delete(java.lang.Long[])
[FH_sys]  2025-06-04 18:15:34  INFO RequestMappingHandlerMapping:549 : Mapped "{[/news/lists]}" onto public com.utils.R com.controller.NewsController.list(com.entity.NewsEntity)
[FH_sys]  2025-06-04 18:15:34  INFO RequestMappingHandlerMapping:549 : Mapped "{[/news/list]}" onto public com.utils.R com.controller.NewsController.list(java.util.Map<java.lang.String, java.lang.Object>,com.entity.NewsEntity,javax.servlet.http.HttpServletRequest)
[FH_sys]  2025-06-04 18:15:34  INFO RequestMappingHandlerMapping:549 : Mapped "{[/news/save]}" onto public com.utils.R com.controller.NewsController.save(com.entity.NewsEntity,javax.servlet.http.HttpServletRequest)
[FH_sys]  2025-06-04 18:15:34  INFO RequestMappingHandlerMapping:549 : Mapped "{[/news/query]}" onto public com.utils.R com.controller.NewsController.query(com.entity.NewsEntity)
[FH_sys]  2025-06-04 18:15:34  INFO RequestMappingHandlerMapping:549 : Mapped "{[/news/info/{id}]}" onto public com.utils.R com.controller.NewsController.info(java.lang.Long)
[FH_sys]  2025-06-04 18:15:34  INFO RequestMappingHandlerMapping:549 : Mapped "{[/news/page]}" onto public com.utils.R com.controller.NewsController.page(java.util.Map<java.lang.String, java.lang.Object>,com.entity.NewsEntity,javax.servlet.http.HttpServletRequest)
[FH_sys]  2025-06-04 18:15:34  INFO RequestMappingHandlerMapping:549 : Mapped "{[/news/remind/{columnName}/{type}]}" onto public com.utils.R com.controller.NewsController.remindCount(java.lang.String,javax.servlet.http.HttpServletRequest,java.lang.String,java.util.Map<java.lang.String, java.lang.Object>)
[FH_sys]  2025-06-04 18:15:34  INFO RequestMappingHandlerMapping:549 : Mapped "{[/news/detail/{id}]}" onto public com.utils.R com.controller.NewsController.detail(java.lang.Long)
[FH_sys]  2025-06-04 18:15:34  INFO RequestMappingHandlerMapping:549 : Mapped "{[/orders/add]}" onto public com.utils.R com.controller.OrdersController.add(com.entity.OrdersEntity,javax.servlet.http.HttpServletRequest)
[FH_sys]  2025-06-04 18:15:34  INFO RequestMappingHandlerMapping:549 : Mapped "{[/orders/update]}" onto public com.utils.R com.controller.OrdersController.update(com.entity.OrdersEntity,javax.servlet.http.HttpServletRequest)
[FH_sys]  2025-06-04 18:15:34  INFO RequestMappingHandlerMapping:549 : Mapped "{[/orders/delete]}" onto public com.utils.R com.controller.OrdersController.delete(java.lang.Long[])
[FH_sys]  2025-06-04 18:15:34  INFO RequestMappingHandlerMapping:549 : Mapped "{[/orders/lists]}" onto public com.utils.R com.controller.OrdersController.list(com.entity.OrdersEntity)
[FH_sys]  2025-06-04 18:15:34  INFO RequestMappingHandlerMapping:549 : Mapped "{[/orders/list]}" onto public com.utils.R com.controller.OrdersController.list(java.util.Map<java.lang.String, java.lang.Object>,com.entity.OrdersEntity,javax.servlet.http.HttpServletRequest)
[FH_sys]  2025-06-04 18:15:34  INFO RequestMappingHandlerMapping:549 : Mapped "{[/orders/save]}" onto public com.utils.R com.controller.OrdersController.save(com.entity.OrdersEntity,javax.servlet.http.HttpServletRequest)
[FH_sys]  2025-06-04 18:15:34  INFO RequestMappingHandlerMapping:549 : Mapped "{[/orders/query]}" onto public com.utils.R com.controller.OrdersController.query(com.entity.OrdersEntity)
[FH_sys]  2025-06-04 18:15:34  INFO RequestMappingHandlerMapping:549 : Mapped "{[/orders/info/{id}]}" onto public com.utils.R com.controller.OrdersController.info(java.lang.Long)
[FH_sys]  2025-06-04 18:15:34  INFO RequestMappingHandlerMapping:549 : Mapped "{[/orders/page]}" onto public com.utils.R com.controller.OrdersController.page(java.util.Map<java.lang.String, java.lang.Object>,com.entity.OrdersEntity,javax.servlet.http.HttpServletRequest)
[FH_sys]  2025-06-04 18:15:34  INFO RequestMappingHandlerMapping:549 : Mapped "{[/orders/remind/{columnName}/{type}]}" onto public com.utils.R com.controller.OrdersController.remindCount(java.lang.String,javax.servlet.http.HttpServletRequest,java.lang.String,java.util.Map<java.lang.String, java.lang.Object>)
[FH_sys]  2025-06-04 18:15:34  INFO RequestMappingHandlerMapping:549 : Mapped "{[/orders/detail/{id}]}" onto public com.utils.R com.controller.OrdersController.detail(java.lang.Long)
[FH_sys]  2025-06-04 18:15:34  INFO RequestMappingHandlerMapping:549 : Mapped "{[/storeup/add]}" onto public com.utils.R com.controller.StoreupController.add(com.entity.StoreupEntity,javax.servlet.http.HttpServletRequest)
[FH_sys]  2025-06-04 18:15:34  INFO RequestMappingHandlerMapping:549 : Mapped "{[/storeup/update]}" onto public com.utils.R com.controller.StoreupController.update(com.entity.StoreupEntity,javax.servlet.http.HttpServletRequest)
[FH_sys]  2025-06-04 18:15:34  INFO RequestMappingHandlerMapping:549 : Mapped "{[/storeup/delete]}" onto public com.utils.R com.controller.StoreupController.delete(java.lang.Long[])
[FH_sys]  2025-06-04 18:15:34  INFO RequestMappingHandlerMapping:549 : Mapped "{[/storeup/lists]}" onto public com.utils.R com.controller.StoreupController.list(com.entity.StoreupEntity)
[FH_sys]  2025-06-04 18:15:34  INFO RequestMappingHandlerMapping:549 : Mapped "{[/storeup/list]}" onto public com.utils.R com.controller.StoreupController.list(java.util.Map<java.lang.String, java.lang.Object>,com.entity.StoreupEntity,javax.servlet.http.HttpServletRequest)
[FH_sys]  2025-06-04 18:15:34  INFO RequestMappingHandlerMapping:549 : Mapped "{[/storeup/save]}" onto public com.utils.R com.controller.StoreupController.save(com.entity.StoreupEntity,javax.servlet.http.HttpServletRequest)
[FH_sys]  2025-06-04 18:15:34  INFO RequestMappingHandlerMapping:549 : Mapped "{[/storeup/query]}" onto public com.utils.R com.controller.StoreupController.query(com.entity.StoreupEntity)
[FH_sys]  2025-06-04 18:15:34  INFO RequestMappingHandlerMapping:549 : Mapped "{[/storeup/info/{id}]}" onto public com.utils.R com.controller.StoreupController.info(java.lang.Long)
[FH_sys]  2025-06-04 18:15:34  INFO RequestMappingHandlerMapping:549 : Mapped "{[/storeup/page]}" onto public com.utils.R com.controller.StoreupController.page(java.util.Map<java.lang.String, java.lang.Object>,com.entity.StoreupEntity,javax.servlet.http.HttpServletRequest)
[FH_sys]  2025-06-04 18:15:34  INFO RequestMappingHandlerMapping:549 : Mapped "{[/storeup/remind/{columnName}/{type}]}" onto public com.utils.R com.controller.StoreupController.remindCount(java.lang.String,javax.servlet.http.HttpServletRequest,java.lang.String,java.util.Map<java.lang.String, java.lang.Object>)
[FH_sys]  2025-06-04 18:15:34  INFO RequestMappingHandlerMapping:549 : Mapped "{[/storeup/detail/{id}]}" onto public com.utils.R com.controller.StoreupController.detail(java.lang.Long)
[FH_sys]  2025-06-04 18:15:34  INFO RequestMappingHandlerMapping:549 : Mapped "{[/users/register],methods=[POST]}" onto public com.utils.R com.controller.UserController.register(com.entity.UserEntity)
[FH_sys]  2025-06-04 18:15:34  INFO RequestMappingHandlerMapping:549 : Mapped "{[/users/update]}" onto public com.utils.R com.controller.UserController.update(com.entity.UserEntity)
[FH_sys]  2025-06-04 18:15:34  INFO RequestMappingHandlerMapping:549 : Mapped "{[/users/delete]}" onto public com.utils.R com.controller.UserController.delete(java.lang.Integer[])
[FH_sys]  2025-06-04 18:15:34  INFO RequestMappingHandlerMapping:549 : Mapped "{[/users/list]}" onto public com.utils.R com.controller.UserController.list(com.entity.UserEntity)
[FH_sys]  2025-06-04 18:15:34  INFO RequestMappingHandlerMapping:549 : Mapped "{[/users/save],methods=[POST]}" onto public com.utils.R com.controller.UserController.save(com.entity.UserEntity)
[FH_sys]  2025-06-04 18:15:34  INFO RequestMappingHandlerMapping:549 : Mapped "{[/users/info/{id}]}" onto public com.utils.R com.controller.UserController.info(java.lang.String)
[FH_sys]  2025-06-04 18:15:34  INFO RequestMappingHandlerMapping:549 : Mapped "{[/users/logout],methods=[GET]}" onto public com.utils.R com.controller.UserController.logout(javax.servlet.http.HttpServletRequest)
[FH_sys]  2025-06-04 18:15:34  INFO RequestMappingHandlerMapping:549 : Mapped "{[/users/login],methods=[POST]}" onto public com.utils.R com.controller.UserController.login(java.lang.String,java.lang.String,java.lang.String,javax.servlet.http.HttpServletRequest)
[FH_sys]  2025-06-04 18:15:34  INFO RequestMappingHandlerMapping:549 : Mapped "{[/users/session]}" onto public com.utils.R com.controller.UserController.getCurrUser(javax.servlet.http.HttpServletRequest)
[FH_sys]  2025-06-04 18:15:34  INFO RequestMappingHandlerMapping:549 : Mapped "{[/users/resetPass]}" onto public com.utils.R com.controller.UserController.resetPass(java.lang.String,javax.servlet.http.HttpServletRequest)
[FH_sys]  2025-06-04 18:15:34  INFO RequestMappingHandlerMapping:549 : Mapped "{[/users/page]}" onto public com.utils.R com.controller.UserController.page(java.util.Map<java.lang.String, java.lang.Object>,com.entity.UserEntity)
[FH_sys]  2025-06-04 18:15:34  INFO RequestMappingHandlerMapping:549 : Mapped "{[/yonghu/register],methods=[POST]}" onto public com.utils.R com.controller.YonghuController.register(com.entity.YonghuEntity)
[FH_sys]  2025-06-04 18:15:34  INFO RequestMappingHandlerMapping:549 : Mapped "{[/yonghu/update]}" onto public com.utils.R com.controller.YonghuController.update(com.entity.YonghuEntity,javax.servlet.http.HttpServletRequest)
[FH_sys]  2025-06-04 18:15:34  INFO RequestMappingHandlerMapping:549 : Mapped "{[/yonghu/delete]}" onto public com.utils.R com.controller.YonghuController.delete(java.lang.Long[])
[FH_sys]  2025-06-04 18:15:34  INFO RequestMappingHandlerMapping:549 : Mapped "{[/yonghu/save]}" onto public com.utils.R com.controller.YonghuController.save(com.entity.YonghuEntity,javax.servlet.http.HttpServletRequest)
[FH_sys]  2025-06-04 18:15:34  INFO RequestMappingHandlerMapping:549 : Mapped "{[/yonghu/info/{id}]}" onto public com.utils.R com.controller.YonghuController.info(java.lang.Long)
[FH_sys]  2025-06-04 18:15:34  INFO RequestMappingHandlerMapping:549 : Mapped "{[/yonghu/logout],methods=[GET]}" onto public com.utils.R com.controller.YonghuController.logout(javax.servlet.http.HttpServletRequest)
[FH_sys]  2025-06-04 18:15:34  INFO RequestMappingHandlerMapping:549 : Mapped "{[/yonghu/login]}" onto public com.utils.R com.controller.YonghuController.login(java.lang.String,java.lang.String,java.lang.String,javax.servlet.http.HttpServletRequest)
[FH_sys]  2025-06-04 18:15:34  INFO RequestMappingHandlerMapping:549 : Mapped "{[/yonghu/session]}" onto public com.utils.R com.controller.YonghuController.getCurrUser(javax.servlet.http.HttpServletRequest)
[FH_sys]  2025-06-04 18:15:34  INFO RequestMappingHandlerMapping:549 : Mapped "{[/yonghu/resetPass]}" onto public com.utils.R com.controller.YonghuController.resetPass(java.lang.String,javax.servlet.http.HttpServletRequest)
[FH_sys]  2025-06-04 18:15:34  INFO RequestMappingHandlerMapping:549 : Mapped "{[/yonghu/page]}" onto public com.utils.R com.controller.YonghuController.page(java.util.Map<java.lang.String, java.lang.Object>)
[FH_sys]  2025-06-04 18:15:34  INFO RequestMappingHandlerMapping:549 : Mapped "{[/yudingcanzhuo/update]}" onto public com.utils.R com.controller.YudingcanzhuoController.update(com.entity.YudingcanzhuoEntity,javax.servlet.http.HttpServletRequest)
[FH_sys]  2025-06-04 18:15:34  INFO RequestMappingHandlerMapping:549 : Mapped "{[/yudingcanzhuo/delete]}" onto public com.utils.R com.controller.YudingcanzhuoController.delete(java.lang.Integer)
[FH_sys]  2025-06-04 18:15:34  INFO RequestMappingHandlerMapping:549 : Mapped "{[/yudingcanzhuo/save]}" onto public com.utils.R com.controller.YudingcanzhuoController.save(com.entity.YudingcanzhuoEntity,javax.servlet.http.HttpServletRequest)
[FH_sys]  2025-06-04 18:15:34  INFO RequestMappingHandlerMapping:549 : Mapped "{[/yudingcanzhuo/info/{id}]}" onto public com.utils.R com.controller.YudingcanzhuoController.info(java.lang.Long)
[FH_sys]  2025-06-04 18:15:34  INFO RequestMappingHandlerMapping:549 : Mapped "{[/yudingcanzhuo/page]}" onto public com.utils.R com.controller.YudingcanzhuoController.page(java.util.Map<java.lang.String, java.lang.Object>,javax.servlet.http.HttpServletRequest)
[FH_sys]  2025-06-04 18:15:35  INFO RequestMappingHandlerAdapter:568 : Looking for @ControllerAdvice: WebApplicationContext for namespace 'SpringMVC-servlet': startup date [Wed Jun 04 18:15:33 CST 2025]; parent: Root WebApplicationContext
[FH_sys]  2025-06-04 18:15:35  INFO RequestMappingHandlerAdapter:568 : Looking for @ControllerAdvice: WebApplicationContext for namespace 'SpringMVC-servlet': startup date [Wed Jun 04 18:15:33 CST 2025]; parent: Root WebApplicationContext
[FH_sys]  2025-06-04 18:15:35  INFO SimpleUrlHandlerMapping:371 : Mapped URL path [/resources/**] onto handler 'org.springframework.web.servlet.resource.ResourceHttpRequestHandler#0'
[FH_sys]  2025-06-04 18:15:35  INFO DispatcherServlet:513 : FrameworkServlet 'SpringMVC': initialization completed in 2183 ms
[FH_sys]  2025-06-04 18:32:40  INFO KuchuenController:98 : sql语句:AND (id NOT IN (#{ew.paramNameValuePairs.MPGENVAL1}) AND name = #{ew.paramNameValuePairs.MPGENVAL2} AND number = #{ew.paramNameValuePairs.MPGENVAL3})
[FH_sys]  2025-06-04 18:32:40  INFO CaipinController:120 : sql语句:AND (id NOT IN (#{ew.paramNameValuePairs.MPGENVAL1}) AND hx_types = #{ew.paramNameValuePairs.MPGENVAL2} AND money = #{ew.paramNameValuePairs.MPGENVAL3} AND caipin_content = #{ew.paramNameValuePairs.MPGENVAL4})
[FH_sys]  2025-06-04 18:32:40  INFO YonghuController:188 : sql语句:AND (id NOT IN (#{ew.paramNameValuePairs.MPGENVAL1}) AND name = #{ew.paramNameValuePairs.MPGENVAL2} AND username = #{ew.paramNameValuePairs.MPGENVAL3} AND password = #{ew.paramNameValuePairs.MPGENVAL4} AND sex_types = #{ew.paramNameValuePairs.MPGENVAL5} AND phone = #{ew.paramNameValuePairs.MPGENVAL6} AND role = #{ew.paramNameValuePairs.MPGENVAL7})
[FH_sys]  2025-06-04 18:32:40  INFO KuchuenController:98 : sql语句:AND (id NOT IN (#{ew.paramNameValuePairs.MPGENVAL1}) AND name = #{ew.paramNameValuePairs.MPGENVAL2} AND number = #{ew.paramNameValuePairs.MPGENVAL3})
[FH_sys]  2025-06-04 18:32:40  INFO CaipinController:120 : sql语句:AND (id NOT IN (#{ew.paramNameValuePairs.MPGENVAL1}) AND hx_types = #{ew.paramNameValuePairs.MPGENVAL2} AND money = #{ew.paramNameValuePairs.MPGENVAL3} AND caipin_content = #{ew.paramNameValuePairs.MPGENVAL4})
[FH_sys]  2025-06-04 18:32:40  INFO YonghuController:188 : sql语句:AND (id NOT IN (#{ew.paramNameValuePairs.MPGENVAL1}) AND name = #{ew.paramNameValuePairs.MPGENVAL2} AND username = #{ew.paramNameValuePairs.MPGENVAL3} AND password = #{ew.paramNameValuePairs.MPGENVAL4} AND sex_types = #{ew.paramNameValuePairs.MPGENVAL5} AND phone = #{ew.paramNameValuePairs.MPGENVAL6} AND role = #{ew.paramNameValuePairs.MPGENVAL7})
[FH_sys]  2025-06-04 18:32:57  INFO YonghuController:188 : sql语句:AND (id NOT IN (#{ew.paramNameValuePairs.MPGENVAL1}) AND name = #{ew.paramNameValuePairs.MPGENVAL2} AND username = #{ew.paramNameValuePairs.MPGENVAL3} AND password = #{ew.paramNameValuePairs.MPGENVAL4} AND sex_types = #{ew.paramNameValuePairs.MPGENVAL5} AND phone = #{ew.paramNameValuePairs.MPGENVAL6} AND role = #{ew.paramNameValuePairs.MPGENVAL7})
[FH_sys]  2025-06-04 18:39:09  INFO KuchuenController:98 : sql语句:AND (id NOT IN (#{ew.paramNameValuePairs.MPGENVAL1}) AND name = #{ew.paramNameValuePairs.MPGENVAL2} AND number = #{ew.paramNameValuePairs.MPGENVAL3})
[FH_sys]  2025-06-04 18:39:16  INFO KuchuenController:76 : sql语句:AND (name = #{ew.paramNameValuePairs.MPGENVAL1} AND number = #{ew.paramNameValuePairs.MPGENVAL2})
[FH_sys]  2025-06-04 18:39:30  INFO KuchuenController:76 : sql语句:AND (name = #{ew.paramNameValuePairs.MPGENVAL1} AND number = #{ew.paramNameValuePairs.MPGENVAL2})
[FH_sys]  2025-06-04 18:42:48  INFO CaipinController:120 : sql语句:AND (id NOT IN (#{ew.paramNameValuePairs.MPGENVAL1}) AND hx_types = #{ew.paramNameValuePairs.MPGENVAL2} AND money = #{ew.paramNameValuePairs.MPGENVAL3} AND caipin_content = #{ew.paramNameValuePairs.MPGENVAL4})
